[2025-07-06 11:41:43] [info] Logger initialized successfully. Console level: info, File level: info
[2025-07-06 11:41:43] [info] === 应用程序启动 ===
[2025-07-06 11:41:43] [info] 环境: development
[2025-07-06 11:41:43] [info] 配置目录: config
[2025-07-06 11:41:43] [info] 日志系统初始化完成
[2025-07-06 11:41:43] [info] 开始初始化数据库...
[2025-07-06 11:41:43] [info] 正在初始化数据库连接...
[2025-07-06 11:41:43] [info] ConfigManager::getString: 查找键 'database.path'，共有 3 个提供者
[2025-07-06 11:41:43] [info] ConfigManager::getString: 提供者[0] 返回 'database.path' = 'db/work_record.db'
[2025-07-06 11:41:43] [info] ConfigManager::getString: 找到非空值，返回 'db/work_record.db'
[2025-07-06 11:41:43] [info] 数据库连接成功: db/work_record.db
[2025-07-06 11:41:43] [info] 开始启动服务器...
[2025-07-06 11:41:43] [info] ConfigManager::getString: 查找键 'server.static_dir'，共有 3 个提供者
[2025-07-06 11:41:43] [info] ConfigManager::getString: 提供者[0] 返回 'server.static_dir' = './static'
[2025-07-06 11:41:43] [info] ConfigManager::getString: 找到非空值，返回 './static'
[2025-07-06 11:41:43] [info] ConfigManager::getString: 查找键 'server.host'，共有 3 个提供者
[2025-07-06 11:41:43] [info] ConfigManager::getString: 提供者[0] 返回 'server.host' = '0.0.0.0'
[2025-07-06 11:41:43] [info] ConfigManager::getString: 找到非空值，返回 '0.0.0.0'
[2025-07-06 11:41:43] [info] HTTP服务器启动成功，监听地址: 0.0.0.0:8080
[2025-07-06 11:42:11] [info] HTTP GET /pages/work/work_record.html - 200
[2025-07-06 11:42:11] [info] HTTP GET /dist/css/bootstrap.min.css - 200
[2025-07-06 11:42:11] [info] HTTP GET /dist/js/iconify-icon.min.js - 200
[2025-07-06 11:42:11] [info] HTTP GET /dist/js/jquery-3.7.1.min.js - 200
[2025-07-06 11:42:11] [info] HTTP GET /dist/js/bootstrap.bundle.min.js - 200
[2025-07-06 11:42:11] [info] HTTP GET /dist/js/axios.min.js - 200
[2025-07-06 11:42:11] [info] HTTP GET /pages/work/common/util.js - 200
[2025-07-06 11:42:11] [info] HTTP GET /pages/work/common/api.js - 200
[2025-07-06 11:42:11] [info] HTTP GET /pages/work/work_tab_work.html - 200
[2025-07-06 11:42:11] [info] HTTP GET /favicon.ico - 404
[2025-07-06 11:42:11] [info] HTTP GET /dist/font/bootstrap-icons.css - 200
[2025-07-06 11:42:11] [info] HTTP GET /dist/js/sweetalert2.all.min.js - 200
[2025-07-06 11:42:11] [info] HTTP GET /dist/font/fonts/bootstrap-icons.woff2 - 200
[2025-07-06 11:42:11] [info] 获取工作记录状态字典成功，数量: 3
[2025-07-06 11:42:11] [info] HTTP GET /api/work_record_status_dict - 200
[2025-07-06 11:42:11] [info] 获取影响类型字典成功，数量: 4
[2025-07-06 11:42:11] [info] HTTP GET /api/dict - 200
[2025-07-06 11:42:11] [info] 获取来源类型字典成功，数量: 4
[2025-07-06 11:42:11] [info] HTTP GET /api/dict - 200
[2025-07-06 11:42:11] [info] 获取所有需求记录成功，总数: 7, 当前页: 1, 每页大小: 20
[2025-07-06 11:42:11] [info] HTTP GET /api/requirement_records - 200
[2025-07-06 11:42:11] [info] 获取工作类型字典成功，数量: 8
[2025-07-06 11:42:11] [info] HTTP GET /api/dict - 200
[2025-07-06 11:42:11] [info] HTTP GET /api/work_records - 200
[2025-07-06 11:42:12] [info] HTTP GET /pages/work/work_tab_requirement.html - 200
[2025-07-06 11:42:12] [info] HTTP GET /dist/font/bootstrap-icons.css - 200
[2025-07-06 11:42:12] [info] HTTP GET /dist/js/sweetalert2.all.min.js - 200
[2025-07-06 11:42:12] [info] 获取所有需求记录成功，总数: 7, 当前页: 1, 每页大小: 20
[2025-07-06 11:42:12] [info] HTTP GET /api/requirement_records - 200
[2025-07-06 11:42:12] [info] HTTP GET /dist/font/fonts/bootstrap-icons.woff2 - 200
[2025-07-06 11:42:12] [info] 获取需求状态字典成功，数量: 9
[2025-07-06 11:42:12] [info] HTTP GET /api/dict - 200
[2025-07-06 11:42:12] [info] 获取来源类型字典成功，数量: 4
[2025-07-06 11:42:12] [info] HTTP GET /api/dict - 200
[2025-07-06 11:42:12] [info] 获取影响类型字典成功，数量: 4
[2025-07-06 11:42:12] [info] HTTP GET /api/dict - 200
[2025-07-06 11:42:12] [info] 获取所有需求记录成功，总数: 7, 当前页: 1, 每页大小: 20
[2025-07-06 11:42:12] [info] HTTP GET /api/requirement_records - 200
[2025-07-06 11:42:12] [info] HTTP GET /pages/work/work_tab_issue.html - 200
[2025-07-06 11:42:12] [info] HTTP GET /dist/font/bootstrap-icons.css - 200
[2025-07-06 11:42:12] [info] HTTP GET /dist/js/sweetalert2.all.min.js - 200
[2025-07-06 11:42:12] [info] HTTP GET /dist/font/fonts/bootstrap-icons.woff2 - 200
[2025-07-06 11:42:12] [info] 获取来源类型字典成功，数量: 4
[2025-07-06 11:42:12] [info] HTTP GET /api/dict - 200
[2025-07-06 11:42:12] [info] 获取影响类型字典成功，数量: 4
[2025-07-06 11:42:12] [info] 分页查询问题记录成功，总数: 1, 当前页: 1, 每页大小: 20
[2025-07-06 11:42:12] [info] HTTP GET /api/dict - 200
[2025-07-06 11:42:12] [info] HTTP GET /api/issues - 200
[2025-07-06 11:42:13] [info] HTTP GET /pages/work/work_tab_stats.html - 200
[2025-07-06 11:42:13] [info] HTTP GET /dist/font/bootstrap-icons.min.css - 200
[2025-07-06 11:42:13] [info] HTTP GET /dist/js/sweetalert2.all.min.js - 200
[2025-07-06 11:42:13] [info] HTTP GET /pages/work/work_tab_issue.html - 200
[2025-07-06 11:42:13] [info] HTTP GET /dist/font/bootstrap-icons.css - 200
[2025-07-06 11:42:13] [info] HTTP GET /dist/js/sweetalert2.all.min.js - 200
[2025-07-06 11:42:13] [info] 获取来源类型字典成功，数量: 4
[2025-07-06 11:42:13] [info] HTTP GET /api/dict - 200
[2025-07-06 11:42:13] [info] 分页查询问题记录成功，总数: 1, 当前页: 1, 每页大小: 20
[2025-07-06 11:42:13] [info] HTTP GET /api/issues - 200
[2025-07-06 11:42:13] [info] 获取来源类型字典成功，数量: 4
[2025-07-06 11:42:13] [info] HTTP GET /api/dict - 200
[2025-07-06 11:42:13] [info] 分页查询问题记录成功，总数: 1, 当前页: 1, 每页大小: 20
[2025-07-06 11:42:13] [info] HTTP GET /api/issues - 200
[2025-07-06 11:42:13] [info] HTTP GET /dist/font/fonts/bootstrap-icons.woff2 - 200
[2025-07-06 11:42:13] [info] 获取来源类型字典成功，数量: 4
[2025-07-06 11:42:13] [info] HTTP GET /api/dict - 200
[2025-07-06 11:42:13] [info] 获取影响类型字典成功，数量: 4
[2025-07-06 11:42:13] [info] HTTP GET /api/dict - 200
[2025-07-06 11:42:13] [info] 分页查询问题记录成功，总数: 1, 当前页: 1, 每页大小: 20
[2025-07-06 11:42:13] [info] HTTP GET /api/issues - 200
[2025-07-06 11:42:14] [info] HTTP GET /pages/work/work_tab_requirement.html - 200
[2025-07-06 11:42:14] [info] HTTP GET /dist/font/bootstrap-icons.css - 200
[2025-07-06 11:42:14] [info] HTTP GET /dist/js/sweetalert2.all.min.js - 200
[2025-07-06 11:42:14] [info] 获取所有需求记录成功，总数: 7, 当前页: 1, 每页大小: 20
[2025-07-06 11:42:14] [info] HTTP GET /api/requirement_records - 200
[2025-07-06 11:42:14] [info] 获取需求状态字典成功，数量: 9
[2025-07-06 11:42:14] [info] HTTP GET /api/dict - 200
[2025-07-06 11:42:14] [info] 获取来源类型字典成功，数量: 4
[2025-07-06 11:42:14] [info] HTTP GET /api/dict - 200
[2025-07-06 11:42:14] [info] 获取影响类型字典成功，数量: 4
[2025-07-06 11:42:14] [info] HTTP GET /api/dict - 200
[2025-07-06 11:42:14] [info] HTTP GET /dist/font/fonts/bootstrap-icons.woff2 - 200
[2025-07-06 11:42:14] [info] 获取所有需求记录成功，总数: 7, 当前页: 1, 每页大小: 20
[2025-07-06 11:42:14] [info] HTTP GET /api/requirement_records - 200
[2025-07-06 11:42:14] [info] HTTP GET /pages/work/work_tab_work.html - 200
[2025-07-06 11:42:14] [info] HTTP GET /dist/font/bootstrap-icons.css - 200
[2025-07-06 11:42:14] [info] HTTP GET /dist/js/sweetalert2.all.min.js - 200
[2025-07-06 11:42:14] [info] 获取工作记录状态字典成功，数量: 3
[2025-07-06 11:42:14] [info] HTTP GET /api/work_record_status_dict - 200
[2025-07-06 11:42:14] [info] 获取工作记录状态字典成功，数量: 3
[2025-07-06 11:42:14] [info] HTTP GET /api/work_record_status_dict - 200
[2025-07-06 11:42:14] [info] HTTP GET /api/work_records - 200
[2025-07-06 11:42:14] [info] HTTP GET /api/work_records - 200
[2025-07-06 11:42:14] [info] HTTP GET /dist/font/fonts/bootstrap-icons.woff2 - 200
[2025-07-06 11:42:14] [info] 获取工作记录状态字典成功，数量: 3
[2025-07-06 11:42:14] [info] HTTP GET /api/work_record_status_dict - 200
[2025-07-06 11:42:14] [info] 获取影响类型字典成功，数量: 4
[2025-07-06 11:42:14] [info] HTTP GET /api/dict - 200
[2025-07-06 11:42:14] [info] 获取来源类型字典成功，数量: 4
[2025-07-06 11:42:14] [info] HTTP GET /api/dict - 200
[2025-07-06 11:42:14] [info] 获取工作类型字典成功，数量: 8
[2025-07-06 11:42:14] [info] HTTP GET /api/dict - 200
[2025-07-06 11:42:14] [info] 获取所有需求记录成功，总数: 7, 当前页: 1, 每页大小: 20
[2025-07-06 11:42:14] [info] HTTP GET /api/requirement_records - 200
[2025-07-06 11:42:14] [info] HTTP GET /api/work_records - 200
[2025-07-06 11:42:15] [info] HTTP GET /pages/work/work_tab_requirement.html - 200
[2025-07-06 11:42:15] [info] HTTP GET /dist/font/bootstrap-icons.css - 200
[2025-07-06 11:42:15] [info] HTTP GET /dist/js/sweetalert2.all.min.js - 200
[2025-07-06 11:42:15] [info] 获取所有需求记录成功，总数: 7, 当前页: 1, 每页大小: 20
[2025-07-06 11:42:15] [info] HTTP GET /api/requirement_records - 200
[2025-07-06 11:42:15] [info] HTTP GET /dist/font/fonts/bootstrap-icons.woff2 - 200
[2025-07-06 11:42:15] [info] 获取来源类型字典成功，数量: 4
[2025-07-06 11:42:15] [info] HTTP GET /api/dict - 200
[2025-07-06 11:42:15] [info] 获取影响类型字典成功，数量: 4
[2025-07-06 11:42:15] [info] 获取需求状态字典成功，数量: 9
[2025-07-06 11:42:15] [info] HTTP GET /api/dict - 200
[2025-07-06 11:42:15] [info] HTTP GET /api/dict - 200
[2025-07-06 11:42:15] [info] 获取所有需求记录成功，总数: 7, 当前页: 1, 每页大小: 20
[2025-07-06 11:42:15] [info] HTTP GET /api/requirement_records - 200
[2025-07-06 11:42:18] [info] HTTP GET /pages/work/work_tab_requirement.html - 200
[2025-07-06 11:42:18] [info] HTTP GET /dist/font/bootstrap-icons.css - 200
[2025-07-06 11:42:18] [info] HTTP GET /dist/js/sweetalert2.all.min.js - 200
[2025-07-06 11:42:18] [info] 获取所有需求记录成功，总数: 7, 当前页: 1, 每页大小: 20
[2025-07-06 11:42:18] [info] HTTP GET /api/requirement_records - 200
[2025-07-06 11:42:18] [info] HTTP GET /dist/font/fonts/bootstrap-icons.woff2 - 200
[2025-07-06 11:42:18] [info] 获取需求状态字典成功，数量: 9
[2025-07-06 11:42:18] [info] HTTP GET /api/dict - 200
[2025-07-06 11:42:18] [info] 获取来源类型字典成功，数量: 4
[2025-07-06 11:42:18] [info] HTTP GET /api/dict - 200
[2025-07-06 11:42:18] [info] 获取影响类型字典成功，数量: 4
[2025-07-06 11:42:18] [info] HTTP GET /api/dict - 200
[2025-07-06 11:42:18] [info] 获取所有需求记录成功，总数: 7, 当前页: 1, 每页大小: 20
[2025-07-06 11:42:18] [info] HTTP GET /api/requirement_records - 200
[2025-07-06 11:42:19] [info] HTTP GET /pages/work/work_tab_work.html - 200
[2025-07-06 11:42:19] [info] HTTP GET /dist/font/bootstrap-icons.css - 200
[2025-07-06 11:42:19] [info] HTTP GET /dist/js/sweetalert2.all.min.js - 200
[2025-07-06 11:42:19] [info] 获取工作记录状态字典成功，数量: 3
[2025-07-06 11:42:19] [info] HTTP GET /api/work_record_status_dict - 200
[2025-07-06 11:42:19] [info] 获取工作记录状态字典成功，数量: 3
[2025-07-06 11:42:19] [info] HTTP GET /api/work_record_status_dict - 200
[2025-07-06 11:42:19] [info] HTTP GET /api/work_records - 200
[2025-07-06 11:42:19] [info] HTTP GET /dist/font/fonts/bootstrap-icons.woff2 - 200
[2025-07-06 11:42:19] [info] HTTP GET /api/work_records - 200
[2025-07-06 11:42:19] [info] 获取影响类型字典成功，数量: 4
[2025-07-06 11:42:19] [info] HTTP GET /api/dict - 200
[2025-07-06 11:42:19] [info] 获取来源类型字典成功，数量: 4
[2025-07-06 11:42:19] [info] 获取工作记录状态字典成功，数量: 3
[2025-07-06 11:42:19] [info] HTTP GET /api/dict - 200
[2025-07-06 11:42:19] [info] HTTP GET /api/work_record_status_dict - 200
[2025-07-06 11:42:19] [info] 获取工作类型字典成功，数量: 8
[2025-07-06 11:42:19] [info] HTTP GET /api/dict - 200
[2025-07-06 11:42:19] [info] 获取所有需求记录成功，总数: 7, 当前页: 1, 每页大小: 20
[2025-07-06 11:42:19] [info] HTTP GET /api/requirement_records - 200
[2025-07-06 11:42:19] [info] HTTP GET /api/work_records - 200
[2025-07-06 11:42:21] [info] 删除文件成功，文件ID: 144
[2025-07-06 11:42:21] [info] HTTP DELETE /api/file/144 - 200
[2025-07-06 11:42:21] [info] HTTP GET /api/work_records - 200
[2025-07-06 11:42:25] [info] ConfigManager::getString: 查找键 'upload.base_dir'，共有 3 个提供者
[2025-07-06 11:42:25] [info] ConfigManager::getString: 提供者[0] 返回 'upload.base_dir' = './static/upload'
[2025-07-06 11:42:25] [info] ConfigManager::getString: 找到非空值，返回 './static/upload'
[2025-07-06 11:42:25] [info] 工作记录上传文件成功，工作记录ID: 42, 文件数量: 1
[2025-07-06 11:42:25] [info] HTTP POST /api/work_record/42/upload - 200
[2025-07-06 11:42:25] [info] HTTP GET /api/work_records - 200
